#
# A fatal error has been detected by the Java Runtime Environment:
#
#  EXCEPTION_ACCESS_VIOLATION (0xc0000005) at pc=0x00000000677456c2, pid=25512, tid=14052
#
# JRE version: Java(TM) SE Runtime Environment 18.9 (11.0.10+8) (build 11.0.10+8-LTS-162)
# Java VM: Java HotSpot(TM) 64-Bit Server VM 18.9 (11.0.10+8-LTS-162, mixed mode, tiered, compressed oops, g1 gc, windows-amd64)
# Problematic frame:
# C  [sqlite-3.34.0-9baf657b-7a01-4191-a743-1ebec5c140dc-sqlitejdbc.dll+0x56c2]
#
# No core dump will be written. Minidumps are not enabled by default on client versions of Windows
#
# If you would like to submit a bug report, please visit:
#   https://bugreport.java.com/bugreport/crash.jsp
# The crash happened outside the Java Virtual Machine in native code.
# See problematic frame for where to report the bug.
#

---------------  S U M M A R Y ------------

Command Line: -Dfile.encoding=Cp1252 net.tkdkid1000.armiworldweb.Main

Host: Intel(R) Core(TM) i5-1035G1 CPU @ 1.00GHz, 8 cores, 11G,  Windows 10 , 64 bit Build 19041 (10.0.19041.804)
Time: Mon Apr  5 17:21:15 2021 Pacific Daylight Time elapsed time: 3.088937 seconds (0d 0h 0m 3s)

---------------  T H R E A D  ---------------

Current thread (0x000001af6db10800):  JavaThread "qtp727001376-19" [_thread_in_native, id=14052, stack(0x0000005708600000,0x0000005708700000)]

Stack: [0x0000005708600000,0x0000005708700000],  sp=0x00000057086fd508,  free space=1013k
Native frames: (J=compiled Java code, j=interpreted, Vv=VM code, C=native code)
C  [sqlite-3.34.0-9baf657b-7a01-4191-a743-1ebec5c140dc-sqlitejdbc.dll+0x56c2]

Java frames: (J=compiled Java code, j=interpreted, Vv=VM code)
j  org.sqlite.core.NativeDB.column_count(J)I+0
j  org.sqlite.jdbc3.JDBC3Statement.getResultSet()Ljava/sql/ResultSet;+37
j  org.sqlite.jdbc3.JDBC3Statement.executeQuery(Ljava/lang/String;)Ljava/sql/ResultSet;+46
j  net.tkdkid1000.armiworldweb.Database.runQuery(Ljava/lang/String;)Ljava/util/List;+19
j  net.tkdkid1000.armiworldweb.User.from(Ljava/lang/String;)Lnet/tkdkid1000/armiworldweb/User;+13
j  org.apache.jsp.forums.thread_jsp._jspService(Ljavax/servlet/http/HttpServletRequest;Ljavax/servlet/http/HttpServletResponse;)V+501
j  org.apache.jasper.runtime.HttpJspBase.service(Ljavax/servlet/http/HttpServletRequest;Ljavax/servlet/http/HttpServletResponse;)V+3
j  javax.servlet.http.HttpServlet.service(Ljavax/servlet/ServletRequest;Ljavax/servlet/ServletResponse;)V+39
j  org.apache.jasper.servlet.JspServletWrapper.service(Ljavax/servlet/http/HttpServletRequest;Ljavax/servlet/http/HttpServletResponse;Z)V+459
j  org.apache.jasper.servlet.JspServlet.serviceJspFile(Ljavax/servlet/http/HttpServletRequest;Ljavax/servlet/http/HttpServletResponse;Ljava/lang/String;Z)V+112
j  org.apache.jasper.servlet.JspServlet.service(Ljavax/servlet/http/HttpServletRequest;Ljavax/servlet/http/HttpServletResponse;)V+328
j  org.eclipse.jetty.jsp.JettyJspServlet.service(Ljavax/servlet/http/HttpServletRequest;Ljavax/servlet/http/HttpServletResponse;)V+239
j  javax.servlet.http.HttpServlet.service(Ljavax/servlet/ServletRequest;Ljavax/servlet/ServletResponse;)V+39
j  org.eclipse.jetty.servlet.ServletHolder$NotAsync.service(Ljavax/servlet/ServletRequest;Ljavax/servlet/ServletResponse;)V+29
j  org.eclipse.jetty.servlet.ServletHolder.handle(Lorg/eclipse/jetty/server/Request;Ljavax/servlet/ServletRequest;Ljavax/servlet/ServletResponse;)V+25
j  org.eclipse.jetty.servlet.ServletHandler.doHandle(Ljava/lang/String;Lorg/eclipse/jetty/server/Request;Ljavax/servlet/http/HttpServletRequest;Ljavax/servlet/http/HttpServletResponse;)V+180
j  org.eclipse.jetty.server.handler.ScopedHandler.handle(Ljava/lang/String;Lorg/eclipse/jetty/server/Request;Ljavax/servlet/http/HttpServletRequest;Ljavax/servlet/http/HttpServletResponse;)V+32
j  org.eclipse.jetty.security.SecurityHandler.handle(Ljava/lang/String;Lorg/eclipse/jetty/server/Request;Ljavax/servlet/http/HttpServletRequest;Ljavax/servlet/http/HttpServletResponse;)V+553
j  org.eclipse.jetty.server.handler.HandlerWrapper.handle(Ljava/lang/String;Lorg/eclipse/jetty/server/Request;Ljavax/servlet/http/HttpServletRequest;Ljavax/servlet/http/HttpServletResponse;)V+18
j  org.eclipse.jetty.server.handler.ScopedHandler.nextHandle(Ljava/lang/String;Lorg/eclipse/jetty/server/Request;Ljavax/servlet/http/HttpServletRequest;Ljavax/servlet/http/HttpServletResponse;)V+46
j  org.eclipse.jetty.server.session.SessionHandler.doHandle(Ljava/lang/String;Lorg/eclipse/jetty/server/Request;Ljavax/servlet/http/HttpServletRequest;Ljavax/servlet/http/HttpServletResponse;)V+6
j  org.eclipse.jetty.server.handler.ScopedHandler.nextHandle(Ljava/lang/String;Lorg/eclipse/jetty/server/Request;Ljavax/servlet/http/HttpServletRequest;Ljavax/servlet/http/HttpServletResponse;)V+27
j  org.eclipse.jetty.server.handler.ContextHandler.doHandle(Ljava/lang/String;Lorg/eclipse/jetty/server/Request;Ljavax/servlet/http/HttpServletRequest;Ljavax/servlet/http/HttpServletResponse;)V+72
j  org.eclipse.jetty.server.handler.ScopedHandler.nextScope(Ljava/lang/String;Lorg/eclipse/jetty/server/Request;Ljavax/servlet/http/HttpServletRequest;Ljavax/servlet/http/HttpServletResponse;)V+38
j  org.eclipse.jetty.servlet.ServletHandler.doScope(Ljava/lang/String;Lorg/eclipse/jetty/server/Request;Ljavax/servlet/http/HttpServletRequest;Ljavax/servlet/http/HttpServletResponse;)V+192
j  org.eclipse.jetty.server.session.SessionHandler.doScope(Ljava/lang/String;Lorg/eclipse/jetty/server/Request;Ljavax/servlet/http/HttpServletRequest;Ljavax/servlet/http/HttpServletResponse;)V+309
j  org.eclipse.jetty.server.handler.ScopedHandler.nextScope(Ljava/lang/String;Lorg/eclipse/jetty/server/Request;Ljavax/servlet/http/HttpServletRequest;Ljavax/servlet/http/HttpServletResponse;)V+16
j  org.eclipse.jetty.server.handler.ContextHandler.doScope(Ljava/lang/String;Lorg/eclipse/jetty/server/Request;Ljavax/servlet/http/HttpServletRequest;Ljavax/servlet/http/HttpServletResponse;)V+382
j  org.eclipse.jetty.server.handler.ScopedHandler.handle(Ljava/lang/String;Lorg/eclipse/jetty/server/Request;Ljavax/servlet/http/HttpServletRequest;Ljavax/servlet/http/HttpServletResponse;)V+20
j  org.eclipse.jetty.server.handler.HandlerWrapper.handle(Ljava/lang/String;Lorg/eclipse/jetty/server/Request;Ljavax/servlet/http/HttpServletRequest;Ljavax/servlet/http/HttpServletResponse;)V+18
j  org.eclipse.jetty.server.Server.handle(Lorg/eclipse/jetty/server/HttpChannel;)V+149
j  org.eclipse.jetty.server.HttpChannel.lambda$handle$1()V+69
j  org.eclipse.jetty.server.HttpChannel$$Lambda$123.dispatch()V+4
j  org.eclipse.jetty.server.HttpChannel.dispatch(Ljavax/servlet/DispatcherType;Lorg/eclipse/jetty/server/HttpChannel$Dispatchable;)V+37
j  org.eclipse.jetty.server.HttpChannel.handle()Z+220
j  org.eclipse.jetty.server.HttpConnection.onFillable()V+137
j  org.eclipse.jetty.io.AbstractConnection$ReadCallback.succeeded()V+4
j  org.eclipse.jetty.io.FillInterest.fillable()Z+57
j  org.eclipse.jetty.io.ChannelEndPoint$1.run()V+7
j  org.eclipse.jetty.util.thread.strategy.EatWhatYouKill.runTask(Ljava/lang/Runnable;)V+1
j  org.eclipse.jetty.util.thread.strategy.EatWhatYouKill.doProduce(Z)Z+507
j  org.eclipse.jetty.util.thread.strategy.EatWhatYouKill.tryProduce(Z)V+134
j  org.eclipse.jetty.util.thread.strategy.EatWhatYouKill.produce()V+2
j  org.eclipse.jetty.io.ManagedSelector$$Lambda$108.run()V+4
j  org.eclipse.jetty.util.thread.QueuedThreadPool.runJob(Ljava/lang/Runnable;)V+1
j  org.eclipse.jetty.util.thread.QueuedThreadPool$Runner.run()V+279
j  java.lang.Thread.run()V+11 java.base@11.0.10
v  ~StubRoutines::call_stub

siginfo: EXCEPTION_ACCESS_VIOLATION (0xc0000005), reading address 0x000001af6f2bf268


Register to memory mapping:

RIP=0x00000000677456c2 sqlite-3.34.0-9baf657b-7a01-4191-a743-1ebec5c140dc-sqlitejdbc.dll
RAX=0x0 is NULL
RBX={method} {0x000001af6dd16e30} 'column_count' '(J)I' in 'org/sqlite/core/NativeDB'
RCX=0x000001af6f2bf1a8 is an unknown value
RDX=0x00000057086fd5d0 is pointing into the stack for thread: 0x000001af6db10800
RSP=0x00000057086fd508 is pointing into the stack for thread: 0x000001af6db10800
RBP=0x00000057086fd5a0 is pointing into the stack for thread: 0x000001af6db10800
RSI=0x0000000000000064 is an unknown value
RDI=0x000001af53839b40 is at code_begin+832 in an Interpreter codelet
invoke return entry points  [0x000001af53839800, 0x000001af5383a200]  2560 bytes
R8 =0x000001af6f2bf1a8 is an unknown value
R9 =0x000001af6dae3900 points into unknown readable memory: 78 67 a6 6d af 01 00 00
R10=0x000001af5383ffdd is at code_begin+1469 in an Interpreter codelet
method entry point (kind = native_synchronized)  [0x000001af5383fa20, 0x000001af538406a0]  3200 bytes
R11=0x0000000000000121 is an unknown value
R12=0x0 is NULL
R13={method} {0x000001af6dd16e30} 'column_count' '(J)I' in 'org/sqlite/core/NativeDB'
R14=0x00000057086fd5d0 is pointing into the stack for thread: 0x000001af6db10800
R15=0x000001af6db10800 is a thread


Registers:
RAX=0x0000000000000000, RBX=0x000001af6dd16e28, RCX=0x000001af6f2bf1a8, RDX=0x00000057086fd5d0
RSP=0x00000057086fd508, RBP=0x00000057086fd5a0, RSI=0x0000000000000064, RDI=0x000001af53839b40
R8 =0x000001af6f2bf1a8, R9 =0x000001af6dae3900, R10=0x000001af5383ffdd, R11=0x0000000000000121
R12=0x0000000000000000, R13=0x000001af6dd16e28, R14=0x00000057086fd5d0, R15=0x000001af6db10800
RIP=0x00000000677456c2, EFLAGS=0x0000000000010202

Top of Stack: (sp=0x00000057086fd508)
0x00000057086fd508:   000001af5384000c 000001af53839b40
0x00000057086fd518:   000001af5383fd35 000001af6db10800
0x00000057086fd528:   0000000000000002 00000057086fd5a0
0x00000057086fd538:   0000000000000064 000001af5383fcdc
0x00000057086fd548:   0000000000000003 000000074f1273e8
0x00000057086fd558:   00000057086fd548 000001af6dd16e28
0x00000057086fd568:   00000057086fd5d0 000001af6dd7e468
0x00000057086fd578:   0000000000000000 00000007443fe418
0x00000057086fd588:   000001af6dd16e28 0000000000000000
0x00000057086fd598:   00000057086fd5c0 00000057086fd620
0x00000057086fd5a8:   000001af53839b40 0000000000000000
0x00000057086fd5b8:   000001af5383c2f6 000001af6f2bf1a8
0x00000057086fd5c8:   0000000000000000 000000074f1273e8
0x00000057086fd5d8:   00000057086fd5d8 000001af6de1aaf5
0x00000057086fd5e8:   00000057086fd638 000001af6dedd7f8
0x00000057086fd5f8:   0000000000000000 00000007443e5990 

Instructions: (pc=0x00000000677456c2)
0x00000000677456a2:   45 84 c0 74 05 48 8b 40 08 c3 48 8b 40 18 eb dd
0x00000000677456b2:   c3 48 8b 41 10 8b 40 0c c3 31 c0 48 85 c9 74 07
0x00000000677456c2:   0f b7 81 c0 00 00 00 c3 31 c0 48 85 c9 74 11 48
0x00000000677456d2:   83 b9 a0 00 00 00 00 74 07 0f b7 81 c0 00 00 00 


Stack slot to memory mapping:
stack at sp + 0 slots: 0x000001af5384000c is at code_begin+1516 in an Interpreter codelet
method entry point (kind = native_synchronized)  [0x000001af5383fa20, 0x000001af538406a0]  3200 bytes
stack at sp + 1 slots: 0x000001af53839b40 is at code_begin+832 in an Interpreter codelet
invoke return entry points  [0x000001af53839800, 0x000001af5383a200]  2560 bytes
stack at sp + 2 slots: 0x000001af5383fd35 is at code_begin+789 in an Interpreter codelet
method entry point (kind = native_synchronized)  [0x000001af5383fa20, 0x000001af538406a0]  3200 bytes
stack at sp + 3 slots: 0x000001af6db10800 is a thread
stack at sp + 4 slots: 0x0000000000000002 is an unknown value
stack at sp + 5 slots: 0x00000057086fd5a0 is pointing into the stack for thread: 0x000001af6db10800
stack at sp + 6 slots: 0x0000000000000064 is an unknown value
stack at sp + 7 slots: 0x000001af5383fcdc is at code_begin+700 in an Interpreter codelet
method entry point (kind = native_synchronized)  [0x000001af5383fa20, 0x000001af538406a0]  3200 bytes


---------------  P R O C E S S  ---------------

Threads class SMR info:
_java_thread_list=0x000001af6e7e4af0, length=27, elements={
0x000001af4b39b800, 0x000001af6c647000, 0x000001af6ce7b000, 0x000001af6ced8800,
0x000001af6cedb800, 0x000001af6ce84000, 0x000001af6ce86800, 0x000001af6ce8d800,
0x000001af6d03f800, 0x000001af6d053000, 0x000001af6db22800, 0x000001af6db23000,
0x000001af6dfe7000, 0x000001af6dfe8000, 0x000001af6e003800, 0x000001af6dae9000,
0x000001af6db10800, 0x000001af6db11800, 0x000001af6e120800, 0x000001af6e46d800,
0x000001af6e470000, 0x000001af6e46a800, 0x000001af6e471000, 0x000001af6e46c000,
0x000001af6e432000, 0x000001af6e1f8000, 0x000001af6e46d000
}

Java Threads: ( => current thread )
  0x000001af4b39b800 JavaThread "main" [_thread_blocked, id=30868, stack(0x0000005706f00000,0x0000005707000000)]
  0x000001af6c647000 JavaThread "Reference Handler" daemon [_thread_blocked, id=27916, stack(0x0000005707600000,0x0000005707700000)]
  0x000001af6ce7b000 JavaThread "Finalizer" daemon [_thread_blocked, id=14948, stack(0x0000005707700000,0x0000005707800000)]
  0x000001af6ced8800 JavaThread "Signal Dispatcher" daemon [_thread_blocked, id=31584, stack(0x0000005707800000,0x0000005707900000)]
  0x000001af6cedb800 JavaThread "Attach Listener" daemon [_thread_blocked, id=19464, stack(0x0000005707900000,0x0000005707a00000)]
  0x000001af6ce84000 JavaThread "C2 CompilerThread0" daemon [_thread_in_native, id=7452, stack(0x0000005707a00000,0x0000005707b00000)]
  0x000001af6ce86800 JavaThread "C1 CompilerThread0" daemon [_thread_blocked, id=27996, stack(0x0000005707b00000,0x0000005707c00000)]
  0x000001af6ce8d800 JavaThread "Sweeper thread" daemon [_thread_blocked, id=30948, stack(0x0000005707c00000,0x0000005707d00000)]
  0x000001af6d03f800 JavaThread "Service Thread" daemon [_thread_blocked, id=20396, stack(0x0000005707d00000,0x0000005707e00000)]
  0x000001af6d053000 JavaThread "Common-Cleaner" daemon [_thread_blocked, id=7236, stack(0x0000005707f00000,0x0000005708000000)]
  0x000001af6db22800 JavaThread "qtp727001376-13" [_thread_in_native, id=21440, stack(0x0000005708000000,0x0000005708100000)]
  0x000001af6db23000 JavaThread "qtp727001376-14" [_thread_in_native, id=31348, stack(0x0000005708100000,0x0000005708200000)]
  0x000001af6dfe7000 JavaThread "qtp727001376-15" [_thread_in_native, id=30644, stack(0x0000005708200000,0x0000005708300000)]
  0x000001af6dfe8000 JavaThread "qtp727001376-16" [_thread_in_native, id=13420, stack(0x0000005708300000,0x0000005708400000)]
  0x000001af6e003800 JavaThread "qtp727001376-17-acceptor-0@d6cf3aa-ServerConnector@6a1aab78{HTTP/1.1, (http/1.1)}{0.0.0.0:8080}" [_thread_in_native, id=19624, stack(0x0000005708400000,0x0000005708500000)]
  0x000001af6dae9000 JavaThread "qtp727001376-18" [_thread_in_native, id=27104, stack(0x0000005708500000,0x0000005708600000)]
=>0x000001af6db10800 JavaThread "qtp727001376-19" [_thread_in_native, id=14052, stack(0x0000005708600000,0x0000005708700000)]
  0x000001af6db11800 JavaThread "qtp727001376-20" [_thread_in_native, id=12596, stack(0x0000005708700000,0x0000005708800000)]
  0x000001af6e120800 JavaThread "Session-HouseKeeper-723ca036-1" [_thread_blocked, id=14968, stack(0x0000005709000000,0x0000005709100000)]
  0x000001af6e46d800 JavaThread "qtp727001376-22" [_thread_in_native, id=24508, stack(0x0000005709100000,0x0000005709200000)]
  0x000001af6e470000 JavaThread "qtp727001376-23-acceptor-0@1f13faf2-ServerConnector@17d0685f{HTTP/1.1, (http/1.1)}{localhost:55615}" [_thread_in_native, id=30280, stack(0x0000005709200000,0x0000005709300000)]
  0x000001af6e46a800 JavaThread "qtp727001376-24" [_thread_in_native, id=7196, stack(0x0000005709300000,0x0000005709400000)]
  0x000001af6e471000 JavaThread "Connector-Scheduler-6a1aab78-1" [_thread_blocked, id=28744, stack(0x0000005708800000,0x0000005708900000)]
  0x000001af6e46c000 JavaThread "qtp727001376-26" [_thread_in_native, id=25712, stack(0x0000005709400000,0x0000005709500000)]
  0x000001af6e432000 JavaThread "C2 CompilerThread1" daemon [_thread_in_native, id=29912, stack(0x0000005709600000,0x0000005709700000)]
  0x000001af6e1f8000 JavaThread "C2 CompilerThread2" daemon [_thread_in_native, id=6832, stack(0x0000005709700000,0x0000005709800000)]
  0x000001af6e46d000 JavaThread "qtp727001376-27" [_thread_blocked, id=23276, stack(0x0000005709800000,0x0000005709900000)]

Other Threads:
  0x000001af6c644800 VMThread "VM Thread" [stack: 0x0000005707500000,0x0000005707600000] [id=15032]
  0x000001af6d044000 WatcherThread [stack: 0x0000005707e00000,0x0000005707f00000] [id=27276]
  0x000001af4b3b0800 GCTaskThread "GC Thread#0" [stack: 0x0000005707000000,0x0000005707100000] [id=18160]
  0x000001af6e123000 GCTaskThread "GC Thread#1" [stack: 0x0000005708900000,0x0000005708a00000] [id=21636]
  0x000001af6e124000 GCTaskThread "GC Thread#2" [stack: 0x0000005708a00000,0x0000005708b00000] [id=21928]
  0x000001af6e4a5800 GCTaskThread "GC Thread#3" [stack: 0x0000005708b00000,0x0000005708c00000] [id=31436]
  0x000001af6e4a6800 GCTaskThread "GC Thread#4" [stack: 0x0000005708c00000,0x0000005708d00000] [id=26024]
  0x000001af6db08800 GCTaskThread "GC Thread#5" [stack: 0x0000005708d00000,0x0000005708e00000] [id=15628]
  0x000001af6db09000 GCTaskThread "GC Thread#6" [stack: 0x0000005708e00000,0x0000005708f00000] [id=26972]
  0x000001af6e36a800 GCTaskThread "GC Thread#7" [stack: 0x0000005708f00000,0x0000005709000000] [id=31368]
  0x000001af4b3f6800 ConcurrentGCThread "G1 Main Marker" [stack: 0x0000005707100000,0x0000005707200000] [id=27264]
  0x000001af4b3f8800 ConcurrentGCThread "G1 Conc#0" [stack: 0x0000005707200000,0x0000005707300000] [id=8488]
  0x000001af6e30d000 ConcurrentGCThread "G1 Conc#1" [stack: 0x0000005709500000,0x0000005709600000] [id=30820]
  0x000001af4b47d800 ConcurrentGCThread "G1 Refine#0" [stack: 0x0000005707300000,0x0000005707400000] [id=30424]
  0x000001af4b47e800 ConcurrentGCThread "G1 Young RemSet Sampling" [stack: 0x0000005707400000,0x0000005707500000] [id=23932]

Threads with active compile tasks:
C2 CompilerThread0   3152 2376 %     4       sun.nio.fs.WindowsPathParser::normalize @ 18 (233 bytes)
C2 CompilerThread1   3153 2276   !   4       org.eclipse.jdt.internal.compiler.parser.Scanner::getNextToken0 (3678 bytes)
C2 CompilerThread2   3153 1907       4       org.eclipse.jdt.internal.compiler.lookup.BinaryTypeBinding::createMethod (1613 bytes)

VM state:not at safepoint (normal execution)

VM Mutex/Monitor currently owned by a thread: None

Heap address: 0x0000000744000000, size: 3008 MB, Compressed Oops mode: Zero based, Oop shift amount: 3
Narrow klass base: 0x0000000800000000, Narrow klass shift: 0
Compressed class space size: 1073741824 Address: 0x0000000800000000

Heap:
 garbage-first heap   total 192512K, used 24150K [0x0000000744000000, 0x0000000800000000)
  region size 1024K, 21 young (21504K), 3 survivors (3072K)
 Metaspace       used 27930K, capacity 28360K, committed 28464K, reserved 1075200K
  class space    used 2719K, capacity 2941K, committed 2944K, reserved 1048576K
Heap Regions: E=young(eden), S=young(survivor), O=old, HS=humongous(starts), HC=humongous(continues), CS=collection set, F=free, A=archive, TAMS=top-at-mark-start (previous, next)
|   0|0x0000000744000000, 0x0000000744100000, 0x0000000744100000|100%| O|  |TAMS 0x0000000744100000, 0x0000000744000000| Untracked 
|   1|0x0000000744100000, 0x0000000744200000, 0x0000000744200000|100%| O|  |TAMS 0x0000000744132e00, 0x0000000744100000| Untracked 
|   2|0x0000000744200000, 0x0000000744300000, 0x0000000744300000|100%| O|  |TAMS 0x0000000744200000, 0x0000000744200000| Untracked 
|   3|0x0000000744300000, 0x0000000744400000, 0x0000000744400000|100%| O|  |TAMS 0x0000000744300000, 0x0000000744300000| Untracked 
|   4|0x0000000744400000, 0x000000074440f600, 0x0000000744500000|  6%| O|  |TAMS 0x0000000744400000, 0x0000000744400000| Untracked 
|   5|0x0000000744500000, 0x0000000744500000, 0x0000000744600000|  0%| F|  |TAMS 0x0000000744500000, 0x0000000744500000| Untracked 
|   6|0x0000000744600000, 0x0000000744600000, 0x0000000744700000|  0%| F|  |TAMS 0x0000000744600000, 0x0000000744600000| Untracked 
|   7|0x0000000744700000, 0x0000000744700000, 0x0000000744800000|  0%| F|  |TAMS 0x0000000744700000, 0x0000000744700000| Untracked 
|   8|0x0000000744800000, 0x0000000744800000, 0x0000000744900000|  0%| F|  |TAMS 0x0000000744800000, 0x0000000744800000| Untracked 
|   9|0x0000000744900000, 0x0000000744900000, 0x0000000744a00000|  0%| F|  |TAMS 0x0000000744900000, 0x0000000744900000| Untracked 
|  10|0x0000000744a00000, 0x0000000744a00000, 0x0000000744b00000|  0%| F|  |TAMS 0x0000000744a00000, 0x0000000744a00000| Untracked 
|  11|0x0000000744b00000, 0x0000000744b00000, 0x0000000744c00000|  0%| F|  |TAMS 0x0000000744b00000, 0x0000000744b00000| Untracked 
|  12|0x0000000744c00000, 0x0000000744c00000, 0x0000000744d00000|  0%| F|  |TAMS 0x0000000744c00000, 0x0000000744c00000| Untracked 
|  13|0x0000000744d00000, 0x0000000744d00000, 0x0000000744e00000|  0%| F|  |TAMS 0x0000000744d00000, 0x0000000744d00000| Untracked 
|  14|0x0000000744e00000, 0x0000000744e00000, 0x0000000744f00000|  0%| F|  |TAMS 0x0000000744e00000, 0x0000000744e00000| Untracked 
|  15|0x0000000744f00000, 0x0000000744f00000, 0x0000000745000000|  0%| F|  |TAMS 0x0000000744f00000, 0x0000000744f00000| Untracked 
|  16|0x0000000745000000, 0x0000000745000000, 0x0000000745100000|  0%| F|  |TAMS 0x0000000745000000, 0x0000000745000000| Untracked 
|  17|0x0000000745100000, 0x0000000745100000, 0x0000000745200000|  0%| F|  |TAMS 0x0000000745100000, 0x0000000745100000| Untracked 
|  18|0x0000000745200000, 0x0000000745200000, 0x0000000745300000|  0%| F|  |TAMS 0x0000000745200000, 0x0000000745200000| Untracked 
|  19|0x0000000745300000, 0x0000000745300000, 0x0000000745400000|  0%| F|  |TAMS 0x0000000745300000, 0x0000000745300000| Untracked 
|  20|0x0000000745400000, 0x0000000745400000, 0x0000000745500000|  0%| F|  |TAMS 0x0000000745400000, 0x0000000745400000| Untracked 
|  21|0x0000000745500000, 0x0000000745500000, 0x0000000745600000|  0%| F|  |TAMS 0x0000000745500000, 0x0000000745500000| Untracked 
|  22|0x0000000745600000, 0x0000000745600000, 0x0000000745700000|  0%| F|  |TAMS 0x0000000745600000, 0x0000000745600000| Untracked 
|  23|0x0000000745700000, 0x0000000745700000, 0x0000000745800000|  0%| F|  |TAMS 0x0000000745700000, 0x0000000745700000| Untracked 
|  24|0x0000000745800000, 0x0000000745800000, 0x0000000745900000|  0%| F|  |TAMS 0x0000000745800000, 0x0000000745800000| Untracked 
|  25|0x0000000745900000, 0x0000000745900000, 0x0000000745a00000|  0%| F|  |TAMS 0x0000000745900000, 0x0000000745900000| Untracked 
|  26|0x0000000745a00000, 0x0000000745a00000, 0x0000000745b00000|  0%| F|  |TAMS 0x0000000745a00000, 0x0000000745a00000| Untracked 
|  27|0x0000000745b00000, 0x0000000745b00000, 0x0000000745c00000|  0%| F|  |TAMS 0x0000000745b00000, 0x0000000745b00000| Untracked 
|  28|0x0000000745c00000, 0x0000000745c00000, 0x0000000745d00000|  0%| F|  |TAMS 0x0000000745c00000, 0x0000000745c00000| Untracked 
|  29|0x0000000745d00000, 0x0000000745d00000, 0x0000000745e00000|  0%| F|  |TAMS 0x0000000745d00000, 0x0000000745d00000| Untracked 
|  30|0x0000000745e00000, 0x0000000745e00000, 0x0000000745f00000|  0%| F|  |TAMS 0x0000000745e00000, 0x0000000745e00000| Untracked 
|  31|0x0000000745f00000, 0x0000000745f00000, 0x0000000746000000|  0%| F|  |TAMS 0x0000000745f00000, 0x0000000745f00000| Untracked 
|  32|0x0000000746000000, 0x0000000746000000, 0x0000000746100000|  0%| F|  |TAMS 0x0000000746000000, 0x0000000746000000| Untracked 
|  33|0x0000000746100000, 0x0000000746100000, 0x0000000746200000|  0%| F|  |TAMS 0x0000000746100000, 0x0000000746100000| Untracked 
|  34|0x0000000746200000, 0x0000000746200000, 0x0000000746300000|  0%| F|  |TAMS 0x0000000746200000, 0x0000000746200000| Untracked 
|  35|0x0000000746300000, 0x0000000746300000, 0x0000000746400000|  0%| F|  |TAMS 0x0000000746300000, 0x0000000746300000| Untracked 
|  36|0x0000000746400000, 0x0000000746400000, 0x0000000746500000|  0%| F|  |TAMS 0x0000000746400000, 0x0000000746400000| Untracked 
|  37|0x0000000746500000, 0x0000000746500000, 0x0000000746600000|  0%| F|  |TAMS 0x0000000746500000, 0x0000000746500000| Untracked 
|  38|0x0000000746600000, 0x0000000746600000, 0x0000000746700000|  0%| F|  |TAMS 0x0000000746600000, 0x0000000746600000| Untracked 
|  39|0x0000000746700000, 0x0000000746700000, 0x0000000746800000|  0%| F|  |TAMS 0x0000000746700000, 0x0000000746700000| Untracked 
|  40|0x0000000746800000, 0x0000000746800000, 0x0000000746900000|  0%| F|  |TAMS 0x0000000746800000, 0x0000000746800000| Untracked 
|  41|0x0000000746900000, 0x0000000746900000, 0x0000000746a00000|  0%| F|  |TAMS 0x0000000746900000, 0x0000000746900000| Untracked 
|  42|0x0000000746a00000, 0x0000000746a00000, 0x0000000746b00000|  0%| F|  |TAMS 0x0000000746a00000, 0x0000000746a00000| Untracked 
|  43|0x0000000746b00000, 0x0000000746b00000, 0x0000000746c00000|  0%| F|  |TAMS 0x0000000746b00000, 0x0000000746b00000| Untracked 
|  44|0x0000000746c00000, 0x0000000746c00000, 0x0000000746d00000|  0%| F|  |TAMS 0x0000000746c00000, 0x0000000746c00000| Untracked 
|  45|0x0000000746d00000, 0x0000000746d00000, 0x0000000746e00000|  0%| F|  |TAMS 0x0000000746d00000, 0x0000000746d00000| Untracked 
|  46|0x0000000746e00000, 0x0000000746e00000, 0x0000000746f00000|  0%| F|  |TAMS 0x0000000746e00000, 0x0000000746e00000| Untracked 
|  47|0x0000000746f00000, 0x0000000746f00000, 0x0000000747000000|  0%| F|  |TAMS 0x0000000746f00000, 0x0000000746f00000| Untracked 
|  48|0x0000000747000000, 0x0000000747000000, 0x0000000747100000|  0%| F|  |TAMS 0x0000000747000000, 0x0000000747000000| Untracked 
|  49|0x0000000747100000, 0x0000000747100000, 0x0000000747200000|  0%| F|  |TAMS 0x0000000747100000, 0x0000000747100000| Untracked 
|  50|0x0000000747200000, 0x0000000747200000, 0x0000000747300000|  0%| F|  |TAMS 0x0000000747200000, 0x0000000747200000| Untracked 
|  51|0x0000000747300000, 0x0000000747300000, 0x0000000747400000|  0%| F|  |TAMS 0x0000000747300000, 0x0000000747300000| Untracked 
|  52|0x0000000747400000, 0x0000000747400000, 0x0000000747500000|  0%| F|  |TAMS 0x0000000747400000, 0x0000000747400000| Untracked 
|  53|0x0000000747500000, 0x0000000747500000, 0x0000000747600000|  0%| F|  |TAMS 0x0000000747500000, 0x0000000747500000| Untracked 
|  54|0x0000000747600000, 0x0000000747600000, 0x0000000747700000|  0%| F|  |TAMS 0x0000000747600000, 0x0000000747600000| Untracked 
|  55|0x0000000747700000, 0x0000000747700000, 0x0000000747800000|  0%| F|  |TAMS 0x0000000747700000, 0x0000000747700000| Untracked 
|  56|0x0000000747800000, 0x0000000747800000, 0x0000000747900000|  0%| F|  |TAMS 0x0000000747800000, 0x0000000747800000| Untracked 
|  57|0x0000000747900000, 0x0000000747900000, 0x0000000747a00000|  0%| F|  |TAMS 0x0000000747900000, 0x0000000747900000| Untracked 
|  58|0x0000000747a00000, 0x0000000747a00000, 0x0000000747b00000|  0%| F|  |TAMS 0x0000000747a00000, 0x0000000747a00000| Untracked 
|  59|0x0000000747b00000, 0x0000000747b00000, 0x0000000747c00000|  0%| F|  |TAMS 0x0000000747b00000, 0x0000000747b00000| Untracked 
|  60|0x0000000747c00000, 0x0000000747c00000, 0x0000000747d00000|  0%| F|  |TAMS 0x0000000747c00000, 0x0000000747c00000| Untracked 
|  61|0x0000000747d00000, 0x0000000747d00000, 0x0000000747e00000|  0%| F|  |TAMS 0x0000000747d00000, 0x0000000747d00000| Untracked 
|  62|0x0000000747e00000, 0x0000000747e00000, 0x0000000747f00000|  0%| F|  |TAMS 0x0000000747e00000, 0x0000000747e00000| Untracked 
|  63|0x0000000747f00000, 0x0000000747f00000, 0x0000000748000000|  0%| F|  |TAMS 0x0000000747f00000, 0x0000000747f00000| Untracked 
|  64|0x0000000748000000, 0x0000000748000000, 0x0000000748100000|  0%| F|  |TAMS 0x0000000748000000, 0x0000000748000000| Untracked 
|  65|0x0000000748100000, 0x0000000748100000, 0x0000000748200000|  0%| F|  |TAMS 0x0000000748100000, 0x0000000748100000| Untracked 
|  66|0x0000000748200000, 0x0000000748200000, 0x0000000748300000|  0%| F|  |TAMS 0x0000000748200000, 0x0000000748200000| Untracked 
|  67|0x0000000748300000, 0x0000000748300000, 0x0000000748400000|  0%| F|  |TAMS 0x0000000748300000, 0x0000000748300000| Untracked 
|  68|0x0000000748400000, 0x0000000748400000, 0x0000000748500000|  0%| F|  |TAMS 0x0000000748400000, 0x0000000748400000| Untracked 
|  69|0x0000000748500000, 0x0000000748500000, 0x0000000748600000|  0%| F|  |TAMS 0x0000000748500000, 0x0000000748500000| Untracked 
|  70|0x0000000748600000, 0x0000000748600000, 0x0000000748700000|  0%| F|  |TAMS 0x0000000748600000, 0x0000000748600000| Untracked 
|  71|0x0000000748700000, 0x0000000748700000, 0x0000000748800000|  0%| F|  |TAMS 0x0000000748700000, 0x0000000748700000| Untracked 
|  72|0x0000000748800000, 0x0000000748800000, 0x0000000748900000|  0%| F|  |TAMS 0x0000000748800000, 0x0000000748800000| Untracked 
|  73|0x0000000748900000, 0x0000000748900000, 0x0000000748a00000|  0%| F|  |TAMS 0x0000000748900000, 0x0000000748900000| Untracked 
|  74|0x0000000748a00000, 0x0000000748a00000, 0x0000000748b00000|  0%| F|  |TAMS 0x0000000748a00000, 0x0000000748a00000| Untracked 
|  75|0x0000000748b00000, 0x0000000748b00000, 0x0000000748c00000|  0%| F|  |TAMS 0x0000000748b00000, 0x0000000748b00000| Untracked 
|  76|0x0000000748c00000, 0x0000000748c00000, 0x0000000748d00000|  0%| F|  |TAMS 0x0000000748c00000, 0x0000000748c00000| Untracked 
|  77|0x0000000748d00000, 0x0000000748d00000, 0x0000000748e00000|  0%| F|  |TAMS 0x0000000748d00000, 0x0000000748d00000| Untracked 
|  78|0x0000000748e00000, 0x0000000748e00000, 0x0000000748f00000|  0%| F|  |TAMS 0x0000000748e00000, 0x0000000748e00000| Untracked 
|  79|0x0000000748f00000, 0x0000000748f00000, 0x0000000749000000|  0%| F|  |TAMS 0x0000000748f00000, 0x0000000748f00000| Untracked 
|  80|0x0000000749000000, 0x0000000749000000, 0x0000000749100000|  0%| F|  |TAMS 0x0000000749000000, 0x0000000749000000| Untracked 
|  81|0x0000000749100000, 0x0000000749100000, 0x0000000749200000|  0%| F|  |TAMS 0x0000000749100000, 0x0000000749100000| Untracked 
|  82|0x0000000749200000, 0x0000000749200000, 0x0000000749300000|  0%| F|  |TAMS 0x0000000749200000, 0x0000000749200000| Untracked 
|  83|0x0000000749300000, 0x0000000749300000, 0x0000000749400000|  0%| F|  |TAMS 0x0000000749300000, 0x0000000749300000| Untracked 
|  84|0x0000000749400000, 0x0000000749400000, 0x0000000749500000|  0%| F|  |TAMS 0x0000000749400000, 0x0000000749400000| Untracked 
|  85|0x0000000749500000, 0x0000000749500000, 0x0000000749600000|  0%| F|  |TAMS 0x0000000749500000, 0x0000000749500000| Untracked 
|  86|0x0000000749600000, 0x0000000749600000, 0x0000000749700000|  0%| F|  |TAMS 0x0000000749600000, 0x0000000749600000| Untracked 
|  87|0x0000000749700000, 0x0000000749700000, 0x0000000749800000|  0%| F|  |TAMS 0x0000000749700000, 0x0000000749700000| Untracked 
|  88|0x0000000749800000, 0x0000000749800000, 0x0000000749900000|  0%| F|  |TAMS 0x0000000749800000, 0x0000000749800000| Untracked 
|  89|0x0000000749900000, 0x0000000749900000, 0x0000000749a00000|  0%| F|  |TAMS 0x0000000749900000, 0x0000000749900000| Untracked 
|  90|0x0000000749a00000, 0x0000000749a00000, 0x0000000749b00000|  0%| F|  |TAMS 0x0000000749a00000, 0x0000000749a00000| Untracked 
|  91|0x0000000749b00000, 0x0000000749b00000, 0x0000000749c00000|  0%| F|  |TAMS 0x0000000749b00000, 0x0000000749b00000| Untracked 
|  92|0x0000000749c00000, 0x0000000749c00000, 0x0000000749d00000|  0%| F|  |TAMS 0x0000000749c00000, 0x0000000749c00000| Untracked 
|  93|0x0000000749d00000, 0x0000000749d00000, 0x0000000749e00000|  0%| F|  |TAMS 0x0000000749d00000, 0x0000000749d00000| Untracked 
|  94|0x0000000749e00000, 0x0000000749e00000, 0x0000000749f00000|  0%| F|  |TAMS 0x0000000749e00000, 0x0000000749e00000| Untracked 
|  95|0x0000000749f00000, 0x0000000749f00000, 0x000000074a000000|  0%| F|  |TAMS 0x0000000749f00000, 0x0000000749f00000| Untracked 
|  96|0x000000074a000000, 0x000000074a000000, 0x000000074a100000|  0%| F|  |TAMS 0x000000074a000000, 0x000000074a000000| Untracked 
|  97|0x000000074a100000, 0x000000074a100000, 0x000000074a200000|  0%| F|  |TAMS 0x000000074a100000, 0x000000074a100000| Untracked 
|  98|0x000000074a200000, 0x000000074a200000, 0x000000074a300000|  0%| F|  |TAMS 0x000000074a200000, 0x000000074a200000| Untracked 
|  99|0x000000074a300000, 0x000000074a300000, 0x000000074a400000|  0%| F|  |TAMS 0x000000074a300000, 0x000000074a300000| Untracked 
| 100|0x000000074a400000, 0x000000074a400000, 0x000000074a500000|  0%| F|  |TAMS 0x000000074a400000, 0x000000074a400000| Untracked 
| 101|0x000000074a500000, 0x000000074a500000, 0x000000074a600000|  0%| F|  |TAMS 0x000000074a500000, 0x000000074a500000| Untracked 
| 102|0x000000074a600000, 0x000000074a600000, 0x000000074a700000|  0%| F|  |TAMS 0x000000074a600000, 0x000000074a600000| Untracked 
| 103|0x000000074a700000, 0x000000074a700000, 0x000000074a800000|  0%| F|  |TAMS 0x000000074a700000, 0x000000074a700000| Untracked 
| 104|0x000000074a800000, 0x000000074a800000, 0x000000074a900000|  0%| F|  |TAMS 0x000000074a800000, 0x000000074a800000| Untracked 
| 105|0x000000074a900000, 0x000000074a900000, 0x000000074aa00000|  0%| F|  |TAMS 0x000000074a900000, 0x000000074a900000| Untracked 
| 106|0x000000074aa00000, 0x000000074aa00000, 0x000000074ab00000|  0%| F|  |TAMS 0x000000074aa00000, 0x000000074aa00000| Untracked 
| 107|0x000000074ab00000, 0x000000074ab00000, 0x000000074ac00000|  0%| F|  |TAMS 0x000000074ab00000, 0x000000074ab00000| Untracked 
| 108|0x000000074ac00000, 0x000000074ac00000, 0x000000074ad00000|  0%| F|  |TAMS 0x000000074ac00000, 0x000000074ac00000| Untracked 
| 109|0x000000074ad00000, 0x000000074ad00000, 0x000000074ae00000|  0%| F|  |TAMS 0x000000074ad00000, 0x000000074ad00000| Untracked 
| 110|0x000000074ae00000, 0x000000074ae00000, 0x000000074af00000|  0%| F|  |TAMS 0x000000074ae00000, 0x000000074ae00000| Untracked 
| 111|0x000000074af00000, 0x000000074af00000, 0x000000074b000000|  0%| F|  |TAMS 0x000000074af00000, 0x000000074af00000| Untracked 
| 112|0x000000074b000000, 0x000000074b000000, 0x000000074b100000|  0%| F|  |TAMS 0x000000074b000000, 0x000000074b000000| Untracked 
| 113|0x000000074b100000, 0x000000074b100000, 0x000000074b200000|  0%| F|  |TAMS 0x000000074b100000, 0x000000074b100000| Untracked 
| 114|0x000000074b200000, 0x000000074b200000, 0x000000074b300000|  0%| F|  |TAMS 0x000000074b200000, 0x000000074b200000| Untracked 
| 115|0x000000074b300000, 0x000000074b300000, 0x000000074b400000|  0%| F|  |TAMS 0x000000074b300000, 0x000000074b300000| Untracked 
| 116|0x000000074b400000, 0x000000074b400000, 0x000000074b500000|  0%| F|  |TAMS 0x000000074b400000, 0x000000074b400000| Untracked 
| 117|0x000000074b500000, 0x000000074b500000, 0x000000074b600000|  0%| F|  |TAMS 0x000000074b500000, 0x000000074b500000| Untracked 
| 118|0x000000074b600000, 0x000000074b600000, 0x000000074b700000|  0%| F|  |TAMS 0x000000074b600000, 0x000000074b600000| Untracked 
| 119|0x000000074b700000, 0x000000074b700000, 0x000000074b800000|  0%| F|  |TAMS 0x000000074b700000, 0x000000074b700000| Untracked 
| 120|0x000000074b800000, 0x000000074b800000, 0x000000074b900000|  0%| F|  |TAMS 0x000000074b800000, 0x000000074b800000| Untracked 
| 121|0x000000074b900000, 0x000000074b900000, 0x000000074ba00000|  0%| F|  |TAMS 0x000000074b900000, 0x000000074b900000| Untracked 
| 122|0x000000074ba00000, 0x000000074ba00000, 0x000000074bb00000|  0%| F|  |TAMS 0x000000074ba00000, 0x000000074ba00000| Untracked 
| 123|0x000000074bb00000, 0x000000074bb00000, 0x000000074bc00000|  0%| F|  |TAMS 0x000000074bb00000, 0x000000074bb00000| Untracked 
| 124|0x000000074bc00000, 0x000000074bc00000, 0x000000074bd00000|  0%| F|  |TAMS 0x000000074bc00000, 0x000000074bc00000| Untracked 
| 125|0x000000074bd00000, 0x000000074bd00000, 0x000000074be00000|  0%| F|  |TAMS 0x000000074bd00000, 0x000000074bd00000| Untracked 
| 126|0x000000074be00000, 0x000000074be00000, 0x000000074bf00000|  0%| F|  |TAMS 0x000000074be00000, 0x000000074be00000| Untracked 
| 127|0x000000074bf00000, 0x000000074bf00000, 0x000000074c000000|  0%| F|  |TAMS 0x000000074bf00000, 0x000000074bf00000| Untracked 
| 128|0x000000074c000000, 0x000000074c000000, 0x000000074c100000|  0%| F|  |TAMS 0x000000074c000000, 0x000000074c000000| Untracked 
| 129|0x000000074c100000, 0x000000074c100000, 0x000000074c200000|  0%| F|  |TAMS 0x000000074c100000, 0x000000074c100000| Untracked 
| 130|0x000000074c200000, 0x000000074c200000, 0x000000074c300000|  0%| F|  |TAMS 0x000000074c200000, 0x000000074c200000| Untracked 
| 131|0x000000074c300000, 0x000000074c300000, 0x000000074c400000|  0%| F|  |TAMS 0x000000074c300000, 0x000000074c300000| Untracked 
| 132|0x000000074c400000, 0x000000074c400000, 0x000000074c500000|  0%| F|  |TAMS 0x000000074c400000, 0x000000074c400000| Untracked 
| 133|0x000000074c500000, 0x000000074c500000, 0x000000074c600000|  0%| F|  |TAMS 0x000000074c500000, 0x000000074c500000| Untracked 
| 134|0x000000074c600000, 0x000000074c600000, 0x000000074c700000|  0%| F|  |TAMS 0x000000074c600000, 0x000000074c600000| Untracked 
| 135|0x000000074c700000, 0x000000074c700000, 0x000000074c800000|  0%| F|  |TAMS 0x000000074c700000, 0x000000074c700000| Untracked 
| 136|0x000000074c800000, 0x000000074c800000, 0x000000074c900000|  0%| F|  |TAMS 0x000000074c800000, 0x000000074c800000| Untracked 
| 137|0x000000074c900000, 0x000000074c900000, 0x000000074ca00000|  0%| F|  |TAMS 0x000000074c900000, 0x000000074c900000| Untracked 
| 138|0x000000074ca00000, 0x000000074ca00000, 0x000000074cb00000|  0%| F|  |TAMS 0x000000074ca00000, 0x000000074ca00000| Untracked 
| 139|0x000000074cb00000, 0x000000074cb00000, 0x000000074cc00000|  0%| F|  |TAMS 0x000000074cb00000, 0x000000074cb00000| Untracked 
| 140|0x000000074cc00000, 0x000000074cc00000, 0x000000074cd00000|  0%| F|  |TAMS 0x000000074cc00000, 0x000000074cc00000| Untracked 
| 141|0x000000074cd00000, 0x000000074cd00000, 0x000000074ce00000|  0%| F|  |TAMS 0x000000074cd00000, 0x000000074cd00000| Untracked 
| 142|0x000000074ce00000, 0x000000074ce00000, 0x000000074cf00000|  0%| F|  |TAMS 0x000000074ce00000, 0x000000074ce00000| Untracked 
| 143|0x000000074cf00000, 0x000000074cf00000, 0x000000074d000000|  0%| F|  |TAMS 0x000000074cf00000, 0x000000074cf00000| Untracked 
| 144|0x000000074d000000, 0x000000074d000000, 0x000000074d100000|  0%| F|  |TAMS 0x000000074d000000, 0x000000074d000000| Untracked 
| 145|0x000000074d100000, 0x000000074d100000, 0x000000074d200000|  0%| F|  |TAMS 0x000000074d100000, 0x000000074d100000| Untracked 
| 146|0x000000074d200000, 0x000000074d200000, 0x000000074d300000|  0%| F|  |TAMS 0x000000074d200000, 0x000000074d200000| Untracked 
| 147|0x000000074d300000, 0x000000074d300000, 0x000000074d400000|  0%| F|  |TAMS 0x000000074d300000, 0x000000074d300000| Untracked 
| 148|0x000000074d400000, 0x000000074d400000, 0x000000074d500000|  0%| F|  |TAMS 0x000000074d400000, 0x000000074d400000| Untracked 
| 149|0x000000074d500000, 0x000000074d500000, 0x000000074d600000|  0%| F|  |TAMS 0x000000074d500000, 0x000000074d500000| Untracked 
| 150|0x000000074d600000, 0x000000074d686270, 0x000000074d700000| 52%| S|CS|TAMS 0x000000074d600000, 0x000000074d600000| Complete 
| 151|0x000000074d700000, 0x000000074d800000, 0x000000074d800000|100%| S|CS|TAMS 0x000000074d700000, 0x000000074d700000| Complete 
| 152|0x000000074d800000, 0x000000074d900000, 0x000000074d900000|100%| S|CS|TAMS 0x000000074d800000, 0x000000074d800000| Complete 
| 153|0x000000074d900000, 0x000000074d900000, 0x000000074da00000|  0%| F|  |TAMS 0x000000074d900000, 0x000000074d900000| Untracked 
| 154|0x000000074da00000, 0x000000074da00000, 0x000000074db00000|  0%| F|  |TAMS 0x000000074da00000, 0x000000074da00000| Untracked 
| 155|0x000000074db00000, 0x000000074db00000, 0x000000074dc00000|  0%| F|  |TAMS 0x000000074db00000, 0x000000074db00000| Untracked 
| 156|0x000000074dc00000, 0x000000074dc00000, 0x000000074dd00000|  0%| F|  |TAMS 0x000000074dc00000, 0x000000074dc00000| Untracked 
| 157|0x000000074dd00000, 0x000000074dd00000, 0x000000074de00000|  0%| F|  |TAMS 0x000000074dd00000, 0x000000074dd00000| Untracked 
| 158|0x000000074de00000, 0x000000074de00000, 0x000000074df00000|  0%| F|  |TAMS 0x000000074de00000, 0x000000074de00000| Untracked 
| 159|0x000000074df00000, 0x000000074df00000, 0x000000074e000000|  0%| F|  |TAMS 0x000000074df00000, 0x000000074df00000| Untracked 
| 160|0x000000074e000000, 0x000000074e000000, 0x000000074e100000|  0%| F|  |TAMS 0x000000074e000000, 0x000000074e000000| Untracked 
| 161|0x000000074e100000, 0x000000074e100000, 0x000000074e200000|  0%| F|  |TAMS 0x000000074e100000, 0x000000074e100000| Untracked 
| 162|0x000000074e200000, 0x000000074e200000, 0x000000074e300000|  0%| F|  |TAMS 0x000000074e200000, 0x000000074e200000| Untracked 
| 163|0x000000074e300000, 0x000000074e300000, 0x000000074e400000|  0%| F|  |TAMS 0x000000074e300000, 0x000000074e300000| Untracked 
| 164|0x000000074e400000, 0x000000074e400000, 0x000000074e500000|  0%| F|  |TAMS 0x000000074e400000, 0x000000074e400000| Untracked 
| 165|0x000000074e500000, 0x000000074e500000, 0x000000074e600000|  0%| F|  |TAMS 0x000000074e500000, 0x000000074e500000| Untracked 
| 166|0x000000074e600000, 0x000000074e600000, 0x000000074e700000|  0%| F|  |TAMS 0x000000074e600000, 0x000000074e600000| Untracked 
| 167|0x000000074e700000, 0x000000074e700000, 0x000000074e800000|  0%| F|  |TAMS 0x000000074e700000, 0x000000074e700000| Untracked 
| 168|0x000000074e800000, 0x000000074e800000, 0x000000074e900000|  0%| F|  |TAMS 0x000000074e800000, 0x000000074e800000| Untracked 
| 169|0x000000074e900000, 0x000000074e900000, 0x000000074ea00000|  0%| F|  |TAMS 0x000000074e900000, 0x000000074e900000| Untracked 
| 170|0x000000074ea00000, 0x000000074ea80800, 0x000000074eb00000| 50%| E|  |TAMS 0x000000074ea00000, 0x000000074ea00000| Complete 
| 171|0x000000074eb00000, 0x000000074ec00000, 0x000000074ec00000|100%| E|CS|TAMS 0x000000074eb00000, 0x000000074eb00000| Complete 
| 172|0x000000074ec00000, 0x000000074ed00000, 0x000000074ed00000|100%| E|CS|TAMS 0x000000074ec00000, 0x000000074ec00000| Complete 
| 173|0x000000074ed00000, 0x000000074ee00000, 0x000000074ee00000|100%| E|CS|TAMS 0x000000074ed00000, 0x000000074ed00000| Complete 
| 174|0x000000074ee00000, 0x000000074ef00000, 0x000000074ef00000|100%| E|CS|TAMS 0x000000074ee00000, 0x000000074ee00000| Complete 
| 175|0x000000074ef00000, 0x000000074f000000, 0x000000074f000000|100%| E|CS|TAMS 0x000000074ef00000, 0x000000074ef00000| Complete 
| 176|0x000000074f000000, 0x000000074f100000, 0x000000074f100000|100%| E|CS|TAMS 0x000000074f000000, 0x000000074f000000| Complete 
| 177|0x000000074f100000, 0x000000074f200000, 0x000000074f200000|100%| E|CS|TAMS 0x000000074f100000, 0x000000074f100000| Complete 
| 178|0x000000074f200000, 0x000000074f300000, 0x000000074f300000|100%| E|CS|TAMS 0x000000074f200000, 0x000000074f200000| Complete 
| 179|0x000000074f300000, 0x000000074f400000, 0x000000074f400000|100%| E|CS|TAMS 0x000000074f300000, 0x000000074f300000| Complete 
| 180|0x000000074f400000, 0x000000074f500000, 0x000000074f500000|100%| E|CS|TAMS 0x000000074f400000, 0x000000074f400000| Complete 
| 181|0x000000074f500000, 0x000000074f600000, 0x000000074f600000|100%| E|CS|TAMS 0x000000074f500000, 0x000000074f500000| Complete 
| 182|0x000000074f600000, 0x000000074f700000, 0x000000074f700000|100%| E|CS|TAMS 0x000000074f600000, 0x000000074f600000| Complete 
| 183|0x000000074f700000, 0x000000074f800000, 0x000000074f800000|100%| E|CS|TAMS 0x000000074f700000, 0x000000074f700000| Complete 
| 184|0x000000074f800000, 0x000000074f900000, 0x000000074f900000|100%| E|CS|TAMS 0x000000074f800000, 0x000000074f800000| Complete 
| 185|0x000000074f900000, 0x000000074fa00000, 0x000000074fa00000|100%| E|CS|TAMS 0x000000074f900000, 0x000000074f900000| Complete 
| 186|0x000000074fa00000, 0x000000074fb00000, 0x000000074fb00000|100%| E|CS|TAMS 0x000000074fa00000, 0x000000074fa00000| Complete 
| 187|0x000000074fb00000, 0x000000074fc00000, 0x000000074fc00000|100%| E|CS|TAMS 0x000000074fb00000, 0x000000074fb00000| Complete 

Card table byte_map: [0x000001af63140000,0x000001af63720000] _byte_map_base: 0x000001af5f720000

Marking Bits (Prev, Next): (CMBitMap*) 0x000001af4b3e9d90, (CMBitMap*) 0x000001af4b3e9d58
 Prev Bits: [0x000001af66c00000, 0x000001af69b00000)
 Next Bits: [0x000001af63d00000, 0x000001af66c00000)

Polling page: 0x000001af492b0000

Metaspace:

Usage:
  Non-class:     24.82 MB capacity,    24.62 MB (>99%) used,   151.02 KB ( <1%) free+waste,    56.25 KB ( <1%) overhead. 
      Class:      2.87 MB capacity,     2.66 MB ( 92%) used,   196.75 KB (  7%) free+waste,    25.19 KB ( <1%) overhead. 
       Both:     27.70 MB capacity,    27.28 MB ( 98%) used,   347.77 KB (  1%) free+waste,    81.44 KB ( <1%) overhead. 

Virtual space:
  Non-class space:       26.00 MB reserved,      24.92 MB ( 96%) committed 
      Class space:        1.00 GB reserved,       2.88 MB ( <1%) committed 
             Both:        1.03 GB reserved,      27.80 MB (  3%) committed 

Chunk freelists:
   Non-Class:  4.63 KB
       Class:  384 bytes
        Both:  5.00 KB

CodeHeap 'non-profiled nmethods': size=120000Kb used=1015Kb max_used=1015Kb free=118984Kb
 bounds [0x000001af5b300000, 0x000001af5b570000, 0x000001af62830000]
CodeHeap 'profiled nmethods': size=120000Kb used=5724Kb max_used=5724Kb free=114275Kb
 bounds [0x000001af53dd0000, 0x000001af54370000, 0x000001af5b300000]
CodeHeap 'non-nmethods': size=5760Kb used=1195Kb max_used=1235Kb free=4564Kb
 bounds [0x000001af53830000, 0x000001af53aa0000, 0x000001af53dd0000]
 total_blobs=2912 nmethods=2376 adapters=447
 compilation: enabled
              stopped_count=0, restarted_count=0
 full_count=0

Compilation events (10 events):
Event: 3.032 Thread 0x000001af6ce86800 2350       1       org.sqlite.SQLiteConnection::getDatabase (5 bytes)
Event: 3.032 Thread 0x000001af6ce86800 nmethod 2350 0x000001af5b3e8810 code [0x000001af5b3e89a0, 0x000001af5b3e8a58]
Event: 3.032 Thread 0x000001af6ce86800 2351       1       java.nio.charset.CharsetDecoder::charset (5 bytes)
Event: 3.033 Thread 0x000001af6ce86800 nmethod 2351 0x000001af5b3e8b10 code [0x000001af5b3e8ca0, 0x000001af5b3e8d58]
Event: 3.034 Thread 0x000001af6e432000 nmethod 2191 0x000001af5b3e8e10 code [0x000001af5b3e9160, 0x000001af5b3ec120]
Event: 3.034 Thread 0x000001af6e432000 2336       4       org.eclipse.jdt.internal.compiler.lookup.Scope::compilationUnitScope (20 bytes)
Event: 3.035 Thread 0x000001af6e432000 nmethod 2336 0x000001af5b3ee510 code [0x000001af5b3ee6a0, 0x000001af5b3ee758]
Event: 3.035 Thread 0x000001af6e432000 2277       4       org.eclipse.jdt.internal.compiler.parser.Scanner::scanIdentifierOrKeyword (196 bytes)
Event: 3.037 Thread 0x000001af6e432000 nmethod 2277 0x000001af5b3ee810 code [0x000001af5b3ee9c0, 0x000001af5b3eebe8]
Event: 3.037 Thread 0x000001af6e432000 2276   !   4       org.eclipse.jdt.internal.compiler.parser.Scanner::getNextToken0 (3678 bytes)

GC Heap History (6 events):
Event: 0.837 GC heap before
{Heap before GC invocations=0 (full 0):
 garbage-first heap   total 192512K, used 23552K [0x0000000744000000, 0x0000000800000000)
  region size 1024K, 24 young (24576K), 0 survivors (0K)
 Metaspace       used 16143K, capacity 16520K, committed 16640K, reserved 1064960K
  class space    used 1608K, capacity 1774K, committed 1792K, reserved 1048576K
}
Event: 0.841 GC heap after
{Heap after GC invocations=1 (full 0):
 garbage-first heap   total 192512K, used 4299K [0x0000000744000000, 0x0000000800000000)
  region size 1024K, 3 young (3072K), 3 survivors (3072K)
 Metaspace       used 16143K, capacity 16520K, committed 16640K, reserved 1064960K
  class space    used 1608K, capacity 1774K, committed 1792K, reserved 1048576K
}
Event: 2.241 GC heap before
{Heap before GC invocations=1 (full 0):
 garbage-first heap   total 192512K, used 22731K [0x0000000744000000, 0x0000000800000000)
  region size 1024K, 22 young (22528K), 3 survivors (3072K)
 Metaspace       used 20660K, capacity 21118K, committed 21296K, reserved 1069056K
  class space    used 2133K, capacity 2350K, committed 2432K, reserved 1048576K
}
Event: 2.246 GC heap after
{Heap after GC invocations=2 (full 0):
 garbage-first heap   total 192512K, used 5548K [0x0000000744000000, 0x0000000800000000)
  region size 1024K, 5 young (5120K), 5 survivors (5120K)
 Metaspace       used 20660K, capacity 21118K, committed 21296K, reserved 1069056K
  class space    used 2133K, capacity 2350K, committed 2432K, reserved 1048576K
}
Event: 2.775 GC heap before
{Heap before GC invocations=3 (full 0):
 garbage-first heap   total 192512K, used 35244K [0x0000000744000000, 0x0000000800000000)
  region size 1024K, 35 young (35840K), 5 survivors (5120K)
 Metaspace       used 26924K, capacity 27421K, committed 27696K, reserved 1075200K
  class space    used 2636K, capacity 2869K, committed 2944K, reserved 1048576K
}
Event: 2.779 GC heap after
{Heap after GC invocations=4 (full 0):
 garbage-first heap   total 192512K, used 6742K [0x0000000744000000, 0x0000000800000000)
  region size 1024K, 3 young (3072K), 3 survivors (3072K)
 Metaspace       used 26924K, capacity 27421K, committed 27696K, reserved 1075200K
  class space    used 2636K, capacity 2869K, committed 2944K, reserved 1048576K
}

Deoptimization events (10 events):
Event: 2.695 Thread 0x000001af6e46c000 Uncommon trap: reason=class_check action=maybe_recompile pc=0x000001af5b342798 method=jdk.internal.loader.URLClassPath.getLoader(I)Ljdk/internal/loader/URLClassPath$Loader; @ 88 c2
Event: 2.762 Thread 0x000001af6e46c000 Uncommon trap: reason=class_check action=maybe_recompile pc=0x000001af5b342798 method=jdk.internal.loader.URLClassPath.getLoader(I)Ljdk/internal/loader/URLClassPath$Loader; @ 88 c2
Event: 2.802 Thread 0x000001af6e46c000 Uncommon trap: reason=loop_limit_check action=maybe_recompile pc=0x000001af5b3cd5d4 method=org.eclipse.jdt.internal.compiler.lookup.ReferenceBinding.compare([C[CII)I @ 46 c2
Event: 2.813 Thread 0x000001af6e46c000 Uncommon trap: reason=class_check action=maybe_recompile pc=0x000001af5b342798 method=jdk.internal.loader.URLClassPath.getLoader(I)Ljdk/internal/loader/URLClassPath$Loader; @ 88 c2
Event: 2.817 Thread 0x000001af6e46c000 Uncommon trap: reason=bimorphic_or_optimized_type_check action=maybe_recompile pc=0x000001af5b3994a0 method=java.util.Properties$LineReader.readLine()I @ 70 c2
Event: 2.817 Thread 0x000001af6e46c000 Uncommon trap: reason=bimorphic_or_optimized_type_check action=maybe_recompile pc=0x000001af5b3994a0 method=java.util.Properties$LineReader.readLine()I @ 70 c2
Event: 2.817 Thread 0x000001af6e46c000 Uncommon trap: reason=bimorphic_or_optimized_type_check action=maybe_recompile pc=0x000001af5b3994a0 method=java.util.Properties$LineReader.readLine()I @ 70 c2
Event: 2.932 Thread 0x000001af6e46c000 Uncommon trap: reason=intrinsic_or_type_checked_inlining action=make_not_entrant pc=0x000001af5b3dc9e0 method=java.util.ArrayList.toArray([Ljava/lang/Object;)[Ljava/lang/Object; @ 36 c2
Event: 2.966 Thread 0x000001af6db10800 Uncommon trap: reason=intrinsic_or_type_checked_inlining action=make_not_entrant pc=0x000001af5b3cbb0c method=java.util.Arrays.copyOf([Ljava/lang/Object;ILjava/lang/Class;)[Ljava/lang/Object; @ 35 c2
Event: 2.969 Thread 0x000001af6db10800 Uncommon trap: reason=bimorphic_or_optimized_type_check action=maybe_recompile pc=0x000001af5b3994a0 method=java.util.Properties$LineReader.readLine()I @ 70 c2

Classes redefined (0 events):
No events

Internal exceptions (10 events):
Event: 2.747 Thread 0x000001af6e46c000 Exception <a 'sun/nio/fs/WindowsException'{0x000000074dab28d0}> (0x000000074dab28d0) thrown at [./open/src/hotspot/share/prims/jni.cpp, line 611]
Event: 2.747 Thread 0x000001af6e46c000 Exception <a 'sun/nio/fs/WindowsException'{0x000000074dab3440}> (0x000000074dab3440) thrown at [./open/src/hotspot/share/prims/jni.cpp, line 611]
Event: 2.747 Thread 0x000001af6e46c000 Exception <a 'sun/nio/fs/WindowsException'{0x000000074dab3e78}> (0x000000074dab3e78) thrown at [./open/src/hotspot/share/prims/jni.cpp, line 611]
Event: 2.747 Thread 0x000001af6e46c000 Exception <a 'sun/nio/fs/WindowsException'{0x000000074dab4710}> (0x000000074dab4710) thrown at [./open/src/hotspot/share/prims/jni.cpp, line 611]
Event: 2.747 Thread 0x000001af6e46c000 Exception <a 'sun/nio/fs/WindowsException'{0x000000074dab4a40}> (0x000000074dab4a40) thrown at [./open/src/hotspot/share/prims/jni.cpp, line 611]
Event: 2.747 Thread 0x000001af6e46c000 Exception <a 'sun/nio/fs/WindowsException'{0x000000074dab5ba8}> (0x000000074dab5ba8) thrown at [./open/src/hotspot/share/prims/jni.cpp, line 611]
Event: 2.747 Thread 0x000001af6e46c000 Exception <a 'sun/nio/fs/WindowsException'{0x000000074dab64e8}> (0x000000074dab64e8) thrown at [./open/src/hotspot/share/prims/jni.cpp, line 611]
Event: 2.762 Thread 0x000001af6e46c000 Exception <a 'java/lang/ArrayIndexOutOfBoundsException'{0x000000074daee150}> (0x000000074daee150) thrown at [./open/src/hotspot/share/runtime/sharedRuntime.cpp, line 584]
Event: 2.851 Thread 0x000001af6e46c000 Exception <a 'java/lang/ArrayIndexOutOfBoundsException'{0x000000074f746b28}> (0x000000074f746b28) thrown at [./open/src/hotspot/share/runtime/sharedRuntime.cpp, line 584]
Event: 2.969 Thread 0x000001af6e46c000 Exception <a 'java/lang/ArrayIndexOutOfBoundsException'{0x000000074f2b5670}> (0x000000074f2b5670) thrown at [./open/src/hotspot/share/runtime/sharedRuntime.cpp, line 584]

Events (10 events):
Event: 3.027 Executing VM operation: RevokeBias
Event: 3.027 Executing VM operation: RevokeBias done
Event: 3.028 Executing VM operation: RevokeBias
Event: 3.029 Executing VM operation: RevokeBias done
Event: 3.030 Executing VM operation: RevokeBias
Event: 3.030 Executing VM operation: RevokeBias done
Event: 3.030 loading class net/tkdkid1000/armiworldweb/User
Event: 3.030 loading class net/tkdkid1000/armiworldweb/User done
Event: 3.032 Executing VM operation: RevokeBias
Event: 3.032 Executing VM operation: RevokeBias done


Dynamic libraries:
0x00007ff79b660000 - 0x00007ff79b66f000 	C:\Users\rhone\Desktop\Coding\jdk-11.0.10\bin\javaw.exe
0x00007ffc8b190000 - 0x00007ffc8b385000 	C:\Windows\SYSTEM32\ntdll.dll
0x00007ffc8ab60000 - 0x00007ffc8ac1d000 	C:\Windows\System32\KERNEL32.DLL
0x00007ffc88b90000 - 0x00007ffc88e59000 	C:\Windows\System32\KERNELBASE.dll
0x00007ffc88a90000 - 0x00007ffc88b90000 	C:\Windows\System32\ucrtbase.dll
0x00007ffc79c40000 - 0x00007ffc79c55000 	C:\Users\rhone\Desktop\Coding\jdk-11.0.10\bin\VCRUNTIME140.dll
0x00007ffc81720000 - 0x00007ffc81738000 	C:\Users\rhone\Desktop\Coding\jdk-11.0.10\bin\jli.dll
0x00007ffc8ac20000 - 0x00007ffc8accc000 	C:\Windows\System32\ADVAPI32.dll
0x00007ffc8acd0000 - 0x00007ffc8ad6e000 	C:\Windows\System32\msvcrt.dll
0x00007ffc891f0000 - 0x00007ffc8928c000 	C:\Windows\System32\sechost.dll
0x00007ffc89dc0000 - 0x00007ffc89eeb000 	C:\Windows\System32\RPCRT4.dll
0x00007ffc897a0000 - 0x00007ffc89940000 	C:\Windows\System32\USER32.dll
0x00007ffc88f30000 - 0x00007ffc88f52000 	C:\Windows\System32\win32u.dll
0x00007ffc89690000 - 0x00007ffc896ba000 	C:\Windows\System32\GDI32.dll
0x00007ffc6a7b0000 - 0x00007ffc6aa4a000 	C:\Windows\WinSxS\amd64_microsoft.windows.common-controls_6595b64144ccf1df_6.0.19041.844_none_ca00b6081b84eb1d\COMCTL32.dll
0x00007ffc88980000 - 0x00007ffc88a8b000 	C:\Windows\System32\gdi32full.dll
0x00007ffc89150000 - 0x00007ffc891ed000 	C:\Windows\System32\msvcp_win.dll
0x00007ffc7e270000 - 0x00007ffc7e27a000 	C:\Windows\SYSTEM32\VERSION.dll
0x00007ffc89520000 - 0x00007ffc89550000 	C:\Windows\System32\IMM32.DLL
0x00007ffc6cdf0000 - 0x00007ffc6ce8b000 	C:\Users\rhone\Desktop\Coding\jdk-11.0.10\bin\msvcp140.dll
0x00007ffc3ef20000 - 0x00007ffc3fa1b000 	C:\Users\rhone\Desktop\Coding\jdk-11.0.10\bin\server\jvm.dll
0x00007ffc89680000 - 0x00007ffc89688000 	C:\Windows\System32\PSAPI.DLL
0x00007ffc7e3c0000 - 0x00007ffc7e3e7000 	C:\Windows\SYSTEM32\WINMM.dll
0x00007ffc84350000 - 0x00007ffc84359000 	C:\Windows\SYSTEM32\WSOCK32.dll
0x00007ffc896c0000 - 0x00007ffc8972b000 	C:\Windows\System32\WS2_32.dll
0x00007ffc86a10000 - 0x00007ffc86a22000 	C:\Windows\SYSTEM32\kernel.appcore.dll
0x00007ffc80680000 - 0x00007ffc80690000 	C:\Users\rhone\Desktop\Coding\jdk-11.0.10\bin\verify.dll
0x00007ffc86730000 - 0x00007ffc86914000 	C:\Windows\SYSTEM32\DBGHELP.DLL
0x00007ffc73600000 - 0x00007ffc7362c000 	C:\Windows\SYSTEM32\dbgcore.DLL
0x00007ffc88eb0000 - 0x00007ffc88f30000 	C:\Windows\System32\bcryptPrimitives.dll
0x00007ffc79740000 - 0x00007ffc79768000 	C:\Users\rhone\Desktop\Coding\jdk-11.0.10\bin\java.dll
0x00007ffc79e70000 - 0x00007ffc79e7a000 	C:\Users\rhone\Desktop\Coding\jdk-11.0.10\bin\jimage.dll
0x00007ffc79ba0000 - 0x00007ffc79bb6000 	C:\Users\rhone\Desktop\Coding\jdk-11.0.10\bin\zip.dll
0x00007ffc89fa0000 - 0x00007ffc8a6e2000 	C:\Windows\System32\SHELL32.dll
0x00007ffc86a30000 - 0x00007ffc871c0000 	C:\Windows\SYSTEM32\windows.storage.dll
0x00007ffc89a60000 - 0x00007ffc89db5000 	C:\Windows\System32\combase.dll
0x00007ffc882d0000 - 0x00007ffc882fc000 	C:\Windows\SYSTEM32\Wldp.dll
0x00007ffc89440000 - 0x00007ffc894ee000 	C:\Windows\System32\SHCORE.dll
0x00007ffc8ad70000 - 0x00007ffc8adc5000 	C:\Windows\System32\shlwapi.dll
0x00007ffc88810000 - 0x00007ffc8882f000 	C:\Windows\SYSTEM32\profapi.dll
0x00007ffc79b40000 - 0x00007ffc79b59000 	C:\Users\rhone\Desktop\Coding\jdk-11.0.10\bin\net.dll
0x00007ffc793c0000 - 0x00007ffc794cc000 	C:\Windows\SYSTEM32\WINHTTP.dll
0x00007ffc88050000 - 0x00007ffc880ba000 	C:\Windows\system32\mswsock.dll
0x00007ffc79600000 - 0x00007ffc79612000 	C:\Users\rhone\Desktop\Coding\jdk-11.0.10\bin\nio.dll
0x00007ffc79d90000 - 0x00007ffc79d99000 	C:\Users\rhone\Desktop\Coding\jdk-11.0.10\bin\management.dll
0x00007ffc79c30000 - 0x00007ffc79c3b000 	C:\Users\rhone\Desktop\Coding\jdk-11.0.10\bin\management_ext.dll
0x00007ffc88220000 - 0x00007ffc88238000 	C:\Windows\SYSTEM32\CRYPTSP.dll
0x00007ffc879f0000 - 0x00007ffc87a24000 	C:\Windows\system32\rsaenh.dll
0x00007ffc88f60000 - 0x00007ffc88f87000 	C:\Windows\System32\bcrypt.dll
0x00007ffc887d0000 - 0x00007ffc887fe000 	C:\Windows\SYSTEM32\USERENV.dll
0x00007ffc88240000 - 0x00007ffc8824c000 	C:\Windows\SYSTEM32\CRYPTBASE.dll
0x00007ffc87d40000 - 0x00007ffc87d7b000 	C:\Windows\SYSTEM32\IPHLPAPI.DLL
0x00007ffc89790000 - 0x00007ffc89798000 	C:\Windows\System32\NSI.dll
0x00007ffc7f160000 - 0x00007ffc7f177000 	C:\Windows\SYSTEM32\dhcpcsvc6.DLL
0x00007ffc7f6c0000 - 0x00007ffc7f6dd000 	C:\Windows\SYSTEM32\dhcpcsvc.DLL
0x00007ffc87d80000 - 0x00007ffc87e4b000 	C:\Windows\SYSTEM32\DNSAPI.dll
0x0000000067740000 - 0x0000000067818000 	C:\Users\rhone\AppData\Local\Temp\sqlite-3.34.0-9baf657b-7a01-4191-a743-1ebec5c140dc-sqlitejdbc.dll
0x00007ffc7e320000 - 0x00007ffc7e32a000 	C:\Windows\System32\rasadhlp.dll
0x00007ffc792e0000 - 0x00007ffc7935f000 	C:\Windows\System32\fwpuclnt.dll

dbghelp: loaded successfully - version: 4.0.5 - missing functions: none
symbol engine: initialized successfully - sym options: 0x614 - pdb path: .;C:\Users\rhone\Desktop\Coding\jdk-11.0.10\bin;C:\Windows\SYSTEM32;C:\Windows\WinSxS\amd64_microsoft.windows.common-controls_6595b64144ccf1df_6.0.19041.844_none_ca00b6081b84eb1d;C:\Users\rhone\Desktop\Coding\jdk-11.0.10\bin\server;C:\Users\rhone\AppData\Local\Temp

VM Arguments:
jvm_args: -Dfile.encoding=Cp1252 
java_command: net.tkdkid1000.armiworldweb.Main
java_class_path (initial): C:\Users\rhone\eclipse-workspace\ArmiWorldWeb\target\classes;C:\Users\rhone\.m2\repository\javax\servlet\javax.servlet-api\3.1.0\javax.servlet-api-3.1.0.jar;C:\Users\rhone\.m2\repository\org\eclipse\jetty\jetty-annotations\9.4.35.v20201120\jetty-annotations-9.4.35.v20201120.jar;C:\Users\rhone\.m2\repository\org\eclipse\jetty\jetty-plus\9.4.35.v20201120\jetty-plus-9.4.35.v20201120.jar;C:\Users\rhone\.m2\repository\org\eclipse\jetty\jetty-jndi\9.4.35.v20201120\jetty-jndi-9.4.35.v20201120.jar;C:\Users\rhone\.m2\repository\javax\annotation\javax.annotation-api\1.3.2\javax.annotation-api-1.3.2.jar;C:\Users\rhone\.m2\repository\org\ow2\asm\asm\9.0\asm-9.0.jar;C:\Users\rhone\.m2\repository\org\ow2\asm\asm-commons\9.0\asm-commons-9.0.jar;C:\Users\rhone\.m2\repository\org\ow2\asm\asm-tree\9.0\asm-tree-9.0.jar;C:\Users\rhone\.m2\repository\org\ow2\asm\asm-analysis\9.0\asm-analysis-9.0.jar;C:\Users\rhone\.m2\repository\org\eclipse\jetty\jetty-webapp\9.4.35.v20201120\jetty-webapp-9.4.35.v20201120.jar;C:\Users\rhone\.m2\repository\org\eclipse\jetty\jetty-xml\9.4.35.v20201120\jetty-xml-9.4.35.v20201120.jar;C:\Users\rhone\.m2\repository\org\eclipse\jetty\jetty-servlet\9.4.35.v20201120\jetty-servlet-9.4.35.v20201120.jar;C:\Users\rhone\.m2\repository\org\eclipse\jetty\jetty-security\9.4.35.v20201120\jetty-security-9.4.35.v20201120.jar;C:\Users\rhone\.m2\repository\org\eclipse\jetty\jetty-server\9.4.35.v20201120\jetty-server-9.4.35.v20201120.jar;C:\Users\rhone\.m2\repository\org\eclipse\jetty\jetty-http\9.4.35.v20201120\jetty-http-9.4.35.v20201120.jar;C:\Users\rhone\.m2\repository\org\eclipse\jetty\jetty-io\9.4.35.v20201120\jetty-io-9.4.35.v20201120.jar;C:\Users\rhone\.m2\repository\org\eclipse\jetty\jetty-util-ajax\9.4.35.v20201120\jetty-util-ajax-9.4.35.v20201120.jar;C:\Users\rhone\.m2\repository\org\eclipse\jetty\apache-jsp\9.4.35.v20201120\apache-jsp-9.4.35.v20201120.jar;C:\Users\rhone\.m2\repository\org\eclipse\jetty\jetty-util\9.4.35.v20201120\jetty
Launcher Type: SUN_STANDARD

[Global flags]
     intx CICompilerCount                          = 4                                         {product} {ergonomic}
     uint ConcGCThreads                            = 2                                         {product} {ergonomic}
     uint G1ConcRefinementThreads                  = 8                                         {product} {ergonomic}
   size_t G1HeapRegionSize                         = 1048576                                   {product} {ergonomic}
    uintx GCDrainStackTargetSize                   = 64                                        {product} {ergonomic}
   size_t InitialHeapSize                          = 197132288                                 {product} {ergonomic}
   size_t MarkStackSize                            = 4194304                                   {product} {ergonomic}
   size_t MaxHeapSize                              = 3154116608                                {product} {ergonomic}
   size_t MaxNewSize                               = 1891631104                                {product} {ergonomic}
   size_t MinHeapDeltaBytes                        = 1048576                                   {product} {ergonomic}
    uintx NonNMethodCodeHeapSize                   = 5836300                                {pd product} {ergonomic}
    uintx NonProfiledCodeHeapSize                  = 122910970                              {pd product} {ergonomic}
    uintx ProfiledCodeHeapSize                     = 122910970                              {pd product} {ergonomic}
    uintx ReservedCodeCacheSize                    = 251658240                              {pd product} {ergonomic}
     bool SegmentedCodeCache                       = true                                      {product} {ergonomic}
     bool UseCompressedClassPointers               = true                                 {lp64_product} {ergonomic}
     bool UseCompressedOops                        = true                                 {lp64_product} {ergonomic}
     bool UseG1GC                                  = true                                      {product} {ergonomic}
     bool UseLargePagesIndividualAllocation        = false                                  {pd product} {ergonomic}

Logging:
Log output configuration:
 #0: stdout all=warning uptime,level,tags
 #1: stderr all=off uptime,level,tags

Environment Variables:
PATH=C:/Users/rhone/.p2/pool/plugins/org.eclipse.justj.openjdk.hotspot.jre.full.win32.x86_64_15.0.1.v20201027-0507/jre/bin/server;C:/Users/rhone/.p2/pool/plugins/org.eclipse.justj.openjdk.hotspot.jre.full.win32.x86_64_15.0.1.v20201027-0507/jre/bin;C:\Windows\system32;C:\Windows;C:\Windows\System32\Wbem;C:\Windows\System32\WindowsPowerShell\v1.0\;C:\Windows\System32\OpenSSH\;C:\Program Files\Java\jdk1.8.0_281\bin;C:\Program Files\Git\cmd;C:\Users\rhone\Desktop\Coding\apache-maven-3.6.3\bin;C:\Users\rhone\Desktop\Coding\Batch\ccmd;C:\Program Files\nodejs\;C:\Users\rhone\Desktop\Coding\sqlite;C:\Users\rhone\AppData\Local\Programs\Python\Python38-32\Scripts\;C:\Users\rhone\AppData\Local\Programs\Python\Python38-32\;C:\Users\rhone\AppData\Local\Microsoft\WindowsApps;C:\Users\rhone\AppData\Local\Programs\Microsoft VS Code\bin;C:\Users\rhone\AppData\Roaming\npm;C:\Users\rhone\AppData\Local\GitHubDesktop\bin;C:\Program Files (x86)\GitHub CLI\;C:\Windows\system32;
USERNAME=rhone
OS=Windows_NT
PROCESSOR_IDENTIFIER=Intel64 Family 6 Model 126 Stepping 5, GenuineIntel



---------------  S Y S T E M  ---------------

OS: Windows 10 , 64 bit Build 19041 (10.0.19041.804)

CPU:total 8 (initial active 8) (4 cores per cpu, 2 threads per core) family 6 model 126 stepping 5 microcode 0x78, cmov, cx8, fxsr, mmx, sse, sse2, sse3, ssse3, sse4.1, sse4.2, popcnt, avx, avx2, aes, clmul, erms, 3dnowpref, lzcnt, ht, tsc, tscinvbit, bmi1, bmi2, adx, evex, sha, fma

Memory: 4k page, system-wide physical 12030M (4033M free)
TotalPageFile size 17681M (AvailPageFile size 5987M)
current process WorkingSet (physical memory assigned to process): 191M, peak: 192M
current process commit charge ("private bytes"): 378M, peak: 380M

vm_info: Java HotSpot(TM) 64-Bit Server VM (11.0.10+8-LTS-162) for windows-amd64 JRE (11.0.10+8-LTS-162), built on Dec  8 2020 16:32:57 by "mach5one" with MS VC++ 15.9 (VS2017)

END.
